{"C:\\Users\\saket\\OneDrive\\Desktop\\Fair-Split\\server\\controllers\\debt_controller.js": {"path":"C:\\Users\\saket\\OneDrive\\Desktop\\Fair-Split\\server\\controllers\\debt_controller.js","statementMap":{"0":{"start":{"line":1,"column":18},"end":{"line":1,"column":43}},"1":{"start":{"line":2,"column":27},"end":{"line":2,"column":62}},"2":{"start":{"line":3,"column":22},"end":{"line":3,"column":52}},"3":{"start":{"line":4,"column":16},"end":{"line":4,"column":42}},"4":{"start":{"line":7,"column":0},"end":{"line":10,"column":2}},"5":{"start":{"line":8,"column":15},"end":{"line":8,"column":39}},"6":{"start":{"line":9,"column":2},"end":{"line":9,"column":22}},"7":{"start":{"line":13,"column":0},"end":{"line":16,"column":2}},"8":{"start":{"line":14,"column":24},"end":{"line":14,"column":57}},"9":{"start":{"line":15,"column":2},"end":{"line":15,"column":31}},"10":{"start":{"line":19,"column":0},"end":{"line":25,"column":2}},"11":{"start":{"line":20,"column":15},"end":{"line":23,"column":4}},"12":{"start":{"line":24,"column":2},"end":{"line":24,"column":22}},"13":{"start":{"line":28,"column":0},"end":{"line":35,"column":2}},"14":{"start":{"line":29,"column":16},"end":{"line":33,"column":3}},"15":{"start":{"line":34,"column":2},"end":{"line":34,"column":37}},"16":{"start":{"line":38,"column":0},"end":{"line":104,"column":2}},"17":{"start":{"line":41,"column":23},"end":{"line":44,"column":4}},"18":{"start":{"line":46,"column":2},"end":{"line":103,"column":3}},"19":{"start":{"line":47,"column":4},"end":{"line":47,"column":65}},"20":{"start":{"line":48,"column":9},"end":{"line":103,"column":3}},"21":{"start":{"line":51,"column":4},"end":{"line":59,"column":6}},"22":{"start":{"line":61,"column":4},"end":{"line":64,"column":6}},"23":{"start":{"line":65,"column":4},"end":{"line":68,"column":6}},"24":{"start":{"line":71,"column":4},"end":{"line":71,"column":28}},"25":{"start":{"line":72,"column":4},"end":{"line":75,"column":6}},"26":{"start":{"line":76,"column":9},"end":{"line":103,"column":3}},"27":{"start":{"line":79,"column":4},"end":{"line":82,"column":7}},"28":{"start":{"line":84,"column":4},"end":{"line":87,"column":6}},"29":{"start":{"line":88,"column":4},"end":{"line":91,"column":6}},"30":{"start":{"line":94,"column":4},"end":{"line":94,"column":28}},"31":{"start":{"line":95,"column":4},"end":{"line":98,"column":6}},"32":{"start":{"line":100,"column":4},"end":{"line":102,"column":67}},"33":{"start":{"line":107,"column":0},"end":{"line":119,"column":2}},"34":{"start":{"line":108,"column":2},"end":{"line":111,"column":5}},"35":{"start":{"line":114,"column":2},"end":{"line":114,"column":26}},"36":{"start":{"line":115,"column":2},"end":{"line":118,"column":4}}},"fnMap":{"0":{"name":"(anonymous_0)","decl":{"start":{"line":7,"column":19},"end":{"line":7,"column":20}},"loc":{"start":{"line":7,"column":42},"end":{"line":10,"column":1}},"line":7},"1":{"name":"(anonymous_1)","decl":{"start":{"line":13,"column":28},"end":{"line":13,"column":29}},"loc":{"start":{"line":13,"column":51},"end":{"line":16,"column":1}},"line":13},"2":{"name":"(anonymous_2)","decl":{"start":{"line":19,"column":30},"end":{"line":19,"column":31}},"loc":{"start":{"line":19,"column":59},"end":{"line":25,"column":1}},"line":19},"3":{"name":"(anonymous_3)","decl":{"start":{"line":28,"column":18},"end":{"line":28,"column":19}},"loc":{"start":{"line":28,"column":47},"end":{"line":35,"column":1}},"line":28},"4":{"name":"(anonymous_4)","decl":{"start":{"line":38,"column":21},"end":{"line":38,"column":22}},"loc":{"start":{"line":38,"column":50},"end":{"line":104,"column":1}},"line":38},"5":{"name":"(anonymous_5)","decl":{"start":{"line":107,"column":33},"end":{"line":107,"column":34}},"loc":{"start":{"line":107,"column":62},"end":{"line":119,"column":1}},"line":107}},"branchMap":{"0":{"loc":{"start":{"line":46,"column":2},"end":{"line":103,"column":3}},"type":"if","locations":[{"start":{"line":46,"column":2},"end":{"line":103,"column":3}},{"start":{"line":48,"column":9},"end":{"line":103,"column":3}}],"line":46},"1":{"loc":{"start":{"line":48,"column":9},"end":{"line":103,"column":3}},"type":"if","locations":[{"start":{"line":48,"column":9},"end":{"line":103,"column":3}},{"start":{"line":76,"column":9},"end":{"line":103,"column":3}}],"line":48},"2":{"loc":{"start":{"line":48,"column":13},"end":{"line":48,"column":70}},"type":"binary-expr","locations":[{"start":{"line":48,"column":13},"end":{"line":48,"column":25}},{"start":{"line":48,"column":29},"end":{"line":48,"column":70}}],"line":48},"3":{"loc":{"start":{"line":76,"column":9},"end":{"line":103,"column":3}},"type":"if","locations":[{"start":{"line":76,"column":9},"end":{"line":103,"column":3}},{"start":{"line":99,"column":9},"end":{"line":103,"column":3}}],"line":76},"4":{"loc":{"start":{"line":76,"column":13},"end":{"line":76,"column":72}},"type":"binary-expr","locations":[{"start":{"line":76,"column":13},"end":{"line":76,"column":25}},{"start":{"line":76,"column":29},"end":{"line":76,"column":72}}],"line":76}},"s":{"0":1,"1":1,"2":1,"3":1,"4":1,"5":1,"6":1,"7":1,"8":1,"9":1,"10":1,"11":1,"12":1,"13":1,"14":1,"15":1,"16":1,"17":1,"18":1,"19":0,"20":1,"21":1,"22":1,"23":1,"24":1,"25":1,"26":0,"27":0,"28":0,"29":0,"30":0,"31":0,"32":0,"33":1,"34":1,"35":1,"36":1},"f":{"0":1,"1":1,"2":1,"3":1,"4":1,"5":1},"b":{"0":[0,1],"1":[1,0],"2":[1,1],"3":[0,0],"4":[0,0]},"_coverageSchema":"1a1c01bbd47fc00a2c39e90264f33305004495a9","hash":"20adea2ab38cf43b12440889edbb69e6f99e6224"}
,"C:\\Users\\saket\\OneDrive\\Desktop\\Fair-Split\\server\\controllers\\expense_controller.js": {"path":"C:\\Users\\saket\\OneDrive\\Desktop\\Fair-Split\\server\\controllers\\expense_controller.js","statementMap":{"0":{"start":{"line":1,"column":16},"end":{"line":1,"column":42}},"1":{"start":{"line":2,"column":21},"end":{"line":2,"column":49}},"2":{"start":{"line":5,"column":0},"end":{"line":46,"column":2}},"3":{"start":{"line":7,"column":19},"end":{"line":7,"column":20}},"4":{"start":{"line":8,"column":2},"end":{"line":16,"column":3}},"5":{"start":{"line":9,"column":4},"end":{"line":15,"column":5}},"6":{"start":{"line":10,"column":6},"end":{"line":12,"column":9}},"7":{"start":{"line":14,"column":6},"end":{"line":14,"column":32}},"8":{"start":{"line":17,"column":2},"end":{"line":21,"column":3}},"9":{"start":{"line":18,"column":4},"end":{"line":20,"column":7}},"10":{"start":{"line":24,"column":18},"end":{"line":30,"column":4}},"11":{"start":{"line":33,"column":2},"end":{"line":40,"column":3}},"12":{"start":{"line":34,"column":21},"end":{"line":34,"column":36}},"13":{"start":{"line":38,"column":23},"end":{"line":38,"column":38}},"14":{"start":{"line":39,"column":4},"end":{"line":39,"column":76}},"15":{"start":{"line":44,"column":2},"end":{"line":44,"column":26}},"16":{"start":{"line":45,"column":2},"end":{"line":45,"column":37}},"17":{"start":{"line":49,"column":0},"end":{"line":52,"column":2}},"18":{"start":{"line":50,"column":19},"end":{"line":50,"column":46}},"19":{"start":{"line":51,"column":2},"end":{"line":51,"column":26}},"20":{"start":{"line":55,"column":0},"end":{"line":65,"column":2}},"21":{"start":{"line":57,"column":21},"end":{"line":63,"column":4}},"22":{"start":{"line":64,"column":2},"end":{"line":64,"column":40}}},"fnMap":{"0":{"name":"(anonymous_0)","decl":{"start":{"line":5,"column":21},"end":{"line":5,"column":22}},"loc":{"start":{"line":5,"column":50},"end":{"line":46,"column":1}},"line":5},"1":{"name":"(anonymous_1)","decl":{"start":{"line":49,"column":22},"end":{"line":49,"column":23}},"loc":{"start":{"line":49,"column":45},"end":{"line":52,"column":1}},"line":49},"2":{"name":"(anonymous_2)","decl":{"start":{"line":55,"column":24},"end":{"line":55,"column":25}},"loc":{"start":{"line":55,"column":53},"end":{"line":65,"column":1}},"line":55}},"branchMap":{"0":{"loc":{"start":{"line":9,"column":4},"end":{"line":15,"column":5}},"type":"if","locations":[{"start":{"line":9,"column":4},"end":{"line":15,"column":5}},{"start":{"line":13,"column":11},"end":{"line":15,"column":5}}],"line":9},"1":{"loc":{"start":{"line":17,"column":2},"end":{"line":21,"column":3}},"type":"if","locations":[{"start":{"line":17,"column":2},"end":{"line":21,"column":3}},{"start":{},"end":{}}],"line":17}},"s":{"0":1,"1":1,"2":1,"3":1,"4":1,"5":1,"6":0,"7":1,"8":1,"9":0,"10":1,"11":1,"12":1,"13":1,"14":1,"15":1,"16":1,"17":1,"18":1,"19":1,"20":1,"21":1,"22":1},"f":{"0":1,"1":1,"2":1},"b":{"0":[0,1],"1":[0,1]},"_coverageSchema":"1a1c01bbd47fc00a2c39e90264f33305004495a9","hash":"c2fa23ad521fbde992779c7c93141cf3f81d574f"}
,"C:\\Users\\saket\\OneDrive\\Desktop\\Fair-Split\\server\\controllers\\user_controller.js": {"path":"C:\\Users\\saket\\OneDrive\\Desktop\\Fair-Split\\server\\controllers\\user_controller.js","statementMap":{"0":{"start":{"line":1,"column":18},"end":{"line":1,"column":43}},"1":{"start":{"line":2,"column":22},"end":{"line":2,"column":52}},"2":{"start":{"line":5,"column":0},"end":{"line":8,"column":2}},"3":{"start":{"line":6,"column":16},"end":{"line":6,"column":40}},"4":{"start":{"line":7,"column":2},"end":{"line":7,"column":23}},"5":{"start":{"line":10,"column":0},"end":{"line":13,"column":2}},"6":{"start":{"line":11,"column":15},"end":{"line":11,"column":77}},"7":{"start":{"line":12,"column":2},"end":{"line":12,"column":22}},"8":{"start":{"line":15,"column":0},"end":{"line":27,"column":2}},"9":{"start":{"line":16,"column":15},"end":{"line":20,"column":4}},"10":{"start":{"line":22,"column":2},"end":{"line":25,"column":5}},"11":{"start":{"line":26,"column":2},"end":{"line":26,"column":34}},"12":{"start":{"line":29,"column":0},"end":{"line":32,"column":2}},"13":{"start":{"line":30,"column":15},"end":{"line":30,"column":79}},"14":{"start":{"line":31,"column":2},"end":{"line":31,"column":22}}},"fnMap":{"0":{"name":"(anonymous_0)","decl":{"start":{"line":5,"column":19},"end":{"line":5,"column":20}},"loc":{"start":{"line":5,"column":42},"end":{"line":8,"column":1}},"line":5},"1":{"name":"(anonymous_1)","decl":{"start":{"line":10,"column":28},"end":{"line":10,"column":29}},"loc":{"start":{"line":10,"column":57},"end":{"line":13,"column":1}},"line":10},"2":{"name":"(anonymous_2)","decl":{"start":{"line":15,"column":18},"end":{"line":15,"column":19}},"loc":{"start":{"line":15,"column":47},"end":{"line":27,"column":1}},"line":15},"3":{"name":"(anonymous_3)","decl":{"start":{"line":29,"column":21},"end":{"line":29,"column":22}},"loc":{"start":{"line":29,"column":50},"end":{"line":32,"column":1}},"line":29}},"branchMap":{},"s":{"0":1,"1":1,"2":1,"3":1,"4":1,"5":1,"6":1,"7":1,"8":1,"9":1,"10":1,"11":1,"12":1,"13":1,"14":1},"f":{"0":1,"1":1,"2":1,"3":1},"b":{},"_coverageSchema":"1a1c01bbd47fc00a2c39e90264f33305004495a9","hash":"93bce41de23fb01ad180a91934f3e7f5f92723bd"}
,"C:\\Users\\saket\\OneDrive\\Desktop\\Fair-Split\\server\\controllers\\helpers\\index.js": {"path":"C:\\Users\\saket\\OneDrive\\Desktop\\Fair-Split\\server\\controllers\\helpers\\index.js","statementMap":{"0":{"start":{"line":1,"column":13},"end":{"line":1,"column":28}},"1":{"start":{"line":2,"column":18},"end":{"line":2,"column":46}},"2":{"start":{"line":3,"column":22},"end":{"line":3,"column":55}},"3":{"start":{"line":4,"column":27},"end":{"line":4,"column":65}},"4":{"start":{"line":5,"column":11},"end":{"line":5,"column":24}},"5":{"start":{"line":6,"column":13},"end":{"line":6,"column":28}},"6":{"start":{"line":9,"column":18},"end":{"line":9,"column":55}},"7":{"start":{"line":10,"column":2},"end":{"line":10,"column":42}},"8":{"start":{"line":14,"column":0},"end":{"line":92,"column":2}},"9":{"start":{"line":16,"column":2},"end":{"line":19,"column":4}},"10":{"start":{"line":20,"column":2},"end":{"line":23,"column":4}},"11":{"start":{"line":27,"column":22},"end":{"line":30,"column":4}},"12":{"start":{"line":33,"column":19},"end":{"line":33,"column":25}},"13":{"start":{"line":36,"column":2},"end":{"line":55,"column":3}},"14":{"start":{"line":37,"column":4},"end":{"line":45,"column":6}},"15":{"start":{"line":46,"column":4},"end":{"line":46,"column":19}},"16":{"start":{"line":47,"column":9},"end":{"line":55,"column":3}},"17":{"start":{"line":50,"column":4},"end":{"line":50,"column":37}},"18":{"start":{"line":51,"column":4},"end":{"line":54,"column":7}},"19":{"start":{"line":59,"column":2},"end":{"line":91,"column":3}},"20":{"start":{"line":60,"column":4},"end":{"line":61,"column":46}},"21":{"start":{"line":65,"column":23},"end":{"line":68,"column":6}},"22":{"start":{"line":70,"column":4},"end":{"line":90,"column":5}},"23":{"start":{"line":72,"column":6},"end":{"line":80,"column":8}},"24":{"start":{"line":81,"column":6},"end":{"line":81,"column":72}},"25":{"start":{"line":84,"column":6},"end":{"line":88,"column":9}},"26":{"start":{"line":89,"column":6},"end":{"line":89,"column":72}},"27":{"start":{"line":96,"column":0},"end":{"line":170,"column":2}},"28":{"start":{"line":99,"column":20},"end":{"line":101,"column":4}},"29":{"start":{"line":100,"column":4},"end":{"line":100,"column":31}},"30":{"start":{"line":102,"column":22},"end":{"line":104,"column":4}},"31":{"start":{"line":103,"column":4},"end":{"line":103,"column":31}},"32":{"start":{"line":107,"column":2},"end":{"line":120,"column":3}},"33":{"start":{"line":109,"column":4},"end":{"line":119,"column":5}},"34":{"start":{"line":110,"column":6},"end":{"line":113,"column":9}},"35":{"start":{"line":114,"column":11},"end":{"line":119,"column":5}},"36":{"start":{"line":115,"column":6},"end":{"line":118,"column":9}},"37":{"start":{"line":121,"column":2},"end":{"line":121,"column":86}},"38":{"start":{"line":122,"column":2},"end":{"line":122,"column":90}},"39":{"start":{"line":125,"column":2},"end":{"line":125,"column":42}},"40":{"start":{"line":126,"column":25},"end":{"line":126,"column":27}},"41":{"start":{"line":128,"column":2},"end":{"line":167,"column":3}},"42":{"start":{"line":129,"column":25},"end":{"line":129,"column":42}},"43":{"start":{"line":130,"column":27},"end":{"line":130,"column":46}},"44":{"start":{"line":131,"column":4},"end":{"line":131,"column":58}},"45":{"start":{"line":132,"column":4},"end":{"line":132,"column":56}},"46":{"start":{"line":135,"column":4},"end":{"line":135,"column":77}},"47":{"start":{"line":141,"column":4},"end":{"line":145,"column":7}},"48":{"start":{"line":147,"column":4},"end":{"line":151,"column":8}},"49":{"start":{"line":155,"column":4},"end":{"line":160,"column":5}},"50":{"start":{"line":156,"column":6},"end":{"line":159,"column":9}},"51":{"start":{"line":161,"column":4},"end":{"line":166,"column":5}},"52":{"start":{"line":162,"column":6},"end":{"line":165,"column":9}},"53":{"start":{"line":168,"column":2},"end":{"line":168,"column":65}}},"fnMap":{"0":{"name":"logToFile","decl":{"start":{"line":8,"column":9},"end":{"line":8,"column":18}},"loc":{"start":{"line":8,"column":25},"end":{"line":11,"column":1}},"line":8},"1":{"name":"(anonymous_1)","decl":{"start":{"line":14,"column":25},"end":{"line":14,"column":26}},"loc":{"start":{"line":14,"column":59},"end":{"line":92,"column":1}},"line":14},"2":{"name":"(anonymous_2)","decl":{"start":{"line":96,"column":24},"end":{"line":96,"column":25}},"loc":{"start":{"line":96,"column":42},"end":{"line":170,"column":1}},"line":96},"3":{"name":"(anonymous_3)","decl":{"start":{"line":99,"column":29},"end":{"line":99,"column":30}},"loc":{"start":{"line":99,"column":45},"end":{"line":101,"column":3}},"line":99},"4":{"name":"(anonymous_4)","decl":{"start":{"line":102,"column":31},"end":{"line":102,"column":32}},"loc":{"start":{"line":102,"column":47},"end":{"line":104,"column":3}},"line":102}},"branchMap":{"0":{"loc":{"start":{"line":36,"column":2},"end":{"line":55,"column":3}},"type":"if","locations":[{"start":{"line":36,"column":2},"end":{"line":55,"column":3}},{"start":{"line":47,"column":9},"end":{"line":55,"column":3}}],"line":36},"1":{"loc":{"start":{"line":36,"column":6},"end":{"line":36,"column":48}},"type":"binary-expr","locations":[{"start":{"line":36,"column":6},"end":{"line":36,"column":17}},{"start":{"line":36,"column":21},"end":{"line":36,"column":48}}],"line":36},"2":{"loc":{"start":{"line":47,"column":9},"end":{"line":55,"column":3}},"type":"if","locations":[{"start":{"line":47,"column":9},"end":{"line":55,"column":3}},{"start":{},"end":{}}],"line":47},"3":{"loc":{"start":{"line":47,"column":13},"end":{"line":47,"column":56}},"type":"binary-expr","locations":[{"start":{"line":47,"column":13},"end":{"line":47,"column":24}},{"start":{"line":47,"column":28},"end":{"line":47,"column":56}}],"line":47},"4":{"loc":{"start":{"line":59,"column":2},"end":{"line":91,"column":3}},"type":"if","locations":[{"start":{"line":59,"column":2},"end":{"line":91,"column":3}},{"start":{"line":62,"column":9},"end":{"line":91,"column":3}}],"line":59},"5":{"loc":{"start":{"line":70,"column":4},"end":{"line":90,"column":5}},"type":"if","locations":[{"start":{"line":70,"column":4},"end":{"line":90,"column":5}},{"start":{"line":82,"column":11},"end":{"line":90,"column":5}}],"line":70},"6":{"loc":{"start":{"line":109,"column":4},"end":{"line":119,"column":5}},"type":"if","locations":[{"start":{"line":109,"column":4},"end":{"line":119,"column":5}},{"start":{"line":114,"column":11},"end":{"line":119,"column":5}}],"line":109},"7":{"loc":{"start":{"line":114,"column":11},"end":{"line":119,"column":5}},"type":"if","locations":[{"start":{"line":114,"column":11},"end":{"line":119,"column":5}},{"start":{},"end":{}}],"line":114},"8":{"loc":{"start":{"line":128,"column":9},"end":{"line":128,"column":55}},"type":"binary-expr","locations":[{"start":{"line":128,"column":9},"end":{"line":128,"column":29}},{"start":{"line":128,"column":33},"end":{"line":128,"column":55}}],"line":128},"9":{"loc":{"start":{"line":155,"column":4},"end":{"line":160,"column":5}},"type":"if","locations":[{"start":{"line":155,"column":4},"end":{"line":160,"column":5}},{"start":{},"end":{}}],"line":155},"10":{"loc":{"start":{"line":161,"column":4},"end":{"line":166,"column":5}},"type":"if","locations":[{"start":{"line":161,"column":4},"end":{"line":166,"column":5}},{"start":{},"end":{}}],"line":161}},"s":{"0":2,"1":2,"2":2,"3":2,"4":2,"5":2,"6":6,"7":6,"8":2,"9":2,"10":2,"11":2,"12":2,"13":2,"14":0,"15":0,"16":2,"17":0,"18":0,"19":2,"20":0,"21":2,"22":2,"23":0,"24":0,"25":2,"26":2,"27":2,"28":3,"29":0,"30":3,"31":0,"32":3,"33":0,"34":0,"35":0,"36":0,"37":2,"38":2,"39":2,"40":2,"41":2,"42":0,"43":0,"44":0,"45":0,"46":0,"47":0,"48":0,"49":0,"50":0,"51":0,"52":0,"53":2},"f":{"0":6,"1":2,"2":3,"3":0,"4":0},"b":{"0":[0,2],"1":[2,0],"2":[0,2],"3":[2,0],"4":[0,2],"5":[0,2],"6":[0,0],"7":[0,0],"8":[2,0],"9":[0,0],"10":[0,0]},"_coverageSchema":"1a1c01bbd47fc00a2c39e90264f33305004495a9","hash":"8a72c828e79bfc08901adbf1cfb6fcdbf3e1e1c4"}
,"C:\\Users\\saket\\OneDrive\\Desktop\\Fair-Split\\server\\models\\debt.js": {"path":"C:\\Users\\saket\\OneDrive\\Desktop\\Fair-Split\\server\\models\\debt.js","statementMap":{"0":{"start":{"line":1,"column":17},"end":{"line":1,"column":36}},"1":{"start":{"line":3,"column":19},"end":{"line":18,"column":2}},"2":{"start":{"line":20,"column":0},"end":{"line":20,"column":52}}},"fnMap":{},"branchMap":{},"s":{"0":2,"1":2,"2":2},"f":{},"b":{},"_coverageSchema":"1a1c01bbd47fc00a2c39e90264f33305004495a9","hash":"9a75d37b4508b8d7bda3380952d4f9f3a902e0a1"}
,"C:\\Users\\saket\\OneDrive\\Desktop\\Fair-Split\\server\\models\\expense.js": {"path":"C:\\Users\\saket\\OneDrive\\Desktop\\Fair-Split\\server\\models\\expense.js","statementMap":{"0":{"start":{"line":1,"column":17},"end":{"line":1,"column":36}},"1":{"start":{"line":3,"column":22},"end":{"line":36,"column":2}},"2":{"start":{"line":38,"column":0},"end":{"line":38,"column":58}}},"fnMap":{},"branchMap":{},"s":{"0":1,"1":1,"2":1},"f":{},"b":{},"_coverageSchema":"1a1c01bbd47fc00a2c39e90264f33305004495a9","hash":"19282cf87757c74b8b1feda3b747464ee0f86e81"}
,"C:\\Users\\saket\\OneDrive\\Desktop\\Fair-Split\\server\\models\\optimised_debt.js": {"path":"C:\\Users\\saket\\OneDrive\\Desktop\\Fair-Split\\server\\models\\optimised_debt.js","statementMap":{"0":{"start":{"line":1,"column":17},"end":{"line":1,"column":36}},"1":{"start":{"line":5,"column":28},"end":{"line":20,"column":2}},"2":{"start":{"line":22,"column":0},"end":{"line":22,"column":71}}},"fnMap":{},"branchMap":{},"s":{"0":2,"1":2,"2":2},"f":{},"b":{},"_coverageSchema":"1a1c01bbd47fc00a2c39e90264f33305004495a9","hash":"b0b3762f2796c204dc8ed4c71662422958fc06a7"}
,"C:\\Users\\saket\\OneDrive\\Desktop\\Fair-Split\\server\\models\\user.js": {"path":"C:\\Users\\saket\\OneDrive\\Desktop\\Fair-Split\\server\\models\\user.js","statementMap":{"0":{"start":{"line":1,"column":17},"end":{"line":1,"column":36}},"1":{"start":{"line":3,"column":19},"end":{"line":24,"column":2}},"2":{"start":{"line":26,"column":0},"end":{"line":26,"column":52}}},"fnMap":{},"branchMap":{},"s":{"0":1,"1":1,"2":1},"f":{},"b":{},"_coverageSchema":"1a1c01bbd47fc00a2c39e90264f33305004495a9","hash":"f25694cc048fcd49e32ae192aa785963a0b660c6"}
,"C:\\Users\\saket\\OneDrive\\Desktop\\Fair-Split\\server\\models\\user_debt.js": {"path":"C:\\Users\\saket\\OneDrive\\Desktop\\Fair-Split\\server\\models\\user_debt.js","statementMap":{"0":{"start":{"line":1,"column":17},"end":{"line":1,"column":36}},"1":{"start":{"line":3,"column":23},"end":{"line":16,"column":2}},"2":{"start":{"line":18,"column":0},"end":{"line":18,"column":61}}},"fnMap":{},"branchMap":{},"s":{"0":3,"1":3,"2":3},"f":{},"b":{},"_coverageSchema":"1a1c01bbd47fc00a2c39e90264f33305004495a9","hash":"c8c9aa39eecde8445ee333ec333fd34c9599ff87"}
,"C:\\Users\\saket\\OneDrive\\Desktop\\Fair-Split\\server\\routes\\debts.js": {"path":"C:\\Users\\saket\\OneDrive\\Desktop\\Fair-Split\\server\\routes\\debts.js","statementMap":{"0":{"start":{"line":1,"column":16},"end":{"line":1,"column":34}},"1":{"start":{"line":2,"column":23},"end":{"line":2,"column":64}},"2":{"start":{"line":3,"column":12},"end":{"line":3,"column":21}},"3":{"start":{"line":6,"column":0},"end":{"line":6,"column":43}},"4":{"start":{"line":9,"column":0},"end":{"line":9,"column":61}},"5":{"start":{"line":12,"column":0},"end":{"line":12,"column":64}},"6":{"start":{"line":15,"column":0},"end":{"line":15,"column":47}},"7":{"start":{"line":18,"column":0},"end":{"line":18,"column":53}},"8":{"start":{"line":21,"column":0},"end":{"line":21,"column":70}},"9":{"start":{"line":23,"column":0},"end":{"line":23,"column":21}}},"fnMap":{},"branchMap":{},"s":{"0":1,"1":1,"2":1,"3":1,"4":1,"5":1,"6":1,"7":1,"8":1,"9":1},"f":{},"b":{},"_coverageSchema":"1a1c01bbd47fc00a2c39e90264f33305004495a9","hash":"ecd67fa3cb1d759b449073ffe1ec4d87facf3dee"}
,"C:\\Users\\saket\\OneDrive\\Desktop\\Fair-Split\\server\\routes\\expenses.js": {"path":"C:\\Users\\saket\\OneDrive\\Desktop\\Fair-Split\\server\\routes\\expenses.js","statementMap":{"0":{"start":{"line":1,"column":16},"end":{"line":1,"column":34}},"1":{"start":{"line":2,"column":26},"end":{"line":2,"column":70}},"2":{"start":{"line":3,"column":12},"end":{"line":3,"column":21}},"3":{"start":{"line":6,"column":0},"end":{"line":6,"column":52}},"4":{"start":{"line":9,"column":0},"end":{"line":9,"column":52}},"5":{"start":{"line":12,"column":0},"end":{"line":12,"column":66}},"6":{"start":{"line":14,"column":0},"end":{"line":14,"column":21}}},"fnMap":{},"branchMap":{},"s":{"0":1,"1":1,"2":1,"3":1,"4":1,"5":1,"6":1},"f":{},"b":{},"_coverageSchema":"1a1c01bbd47fc00a2c39e90264f33305004495a9","hash":"c79745c247697c86f2f10e498c2522bac6cb659b"}
,"C:\\Users\\saket\\OneDrive\\Desktop\\Fair-Split\\server\\routes\\users.js": {"path":"C:\\Users\\saket\\OneDrive\\Desktop\\Fair-Split\\server\\routes\\users.js","statementMap":{"0":{"start":{"line":1,"column":16},"end":{"line":1,"column":34}},"1":{"start":{"line":2,"column":23},"end":{"line":2,"column":64}},"2":{"start":{"line":3,"column":12},"end":{"line":3,"column":21}},"3":{"start":{"line":6,"column":0},"end":{"line":6,"column":43}},"4":{"start":{"line":9,"column":0},"end":{"line":9,"column":43}},"5":{"start":{"line":12,"column":0},"end":{"line":12,"column":62}},"6":{"start":{"line":15,"column":0},"end":{"line":15,"column":58}},"7":{"start":{"line":17,"column":0},"end":{"line":17,"column":21}}},"fnMap":{},"branchMap":{},"s":{"0":1,"1":1,"2":1,"3":1,"4":1,"5":1,"6":1,"7":1},"f":{},"b":{},"_coverageSchema":"1a1c01bbd47fc00a2c39e90264f33305004495a9","hash":"66c52772d30bc5a154df903babbc8e42b7642847"}
}
