TN:
SF:controllers\debt_controller.js
FN:7,(anonymous_0)
FN:13,(anonymous_1)
FN:19,(anonymous_2)
FN:28,(anonymous_3)
FN:38,(anonymous_4)
FN:107,(anonymous_5)
FNF:6
FNH:6
FNDA:1,(anonymous_0)
FNDA:1,(anonymous_1)
FNDA:1,(anonymous_2)
FNDA:1,(anonymous_3)
FNDA:1,(anonymous_4)
FNDA:1,(anonymous_5)
DA:1,1
DA:2,1
DA:3,1
DA:4,1
DA:7,1
DA:8,1
DA:9,1
DA:13,1
DA:14,1
DA:15,1
DA:19,1
DA:20,1
DA:24,1
DA:28,1
DA:29,1
DA:34,1
DA:38,1
DA:41,1
DA:46,1
DA:47,0
DA:48,1
DA:51,1
DA:61,1
DA:65,1
DA:71,1
DA:72,1
DA:76,0
DA:79,0
DA:84,0
DA:88,0
DA:94,0
DA:95,0
DA:100,0
DA:107,1
DA:108,1
DA:114,1
DA:115,1
LF:37
LH:29
BRDA:46,0,0,0
BRDA:46,0,1,1
BRDA:48,1,0,1
BRDA:48,1,1,0
BRDA:48,2,0,1
BRDA:48,2,1,1
BRDA:76,3,0,0
BRDA:76,3,1,0
BRDA:76,4,0,0
BRDA:76,4,1,0
BRF:10
BRH:4
end_of_record
TN:
SF:controllers\expense_controller.js
FN:5,(anonymous_0)
FN:49,(anonymous_1)
FN:55,(anonymous_2)
FNF:3
FNH:3
FNDA:1,(anonymous_0)
FNDA:1,(anonymous_1)
FNDA:1,(anonymous_2)
DA:1,1
DA:2,1
DA:5,1
DA:7,1
DA:8,1
DA:9,1
DA:10,0
DA:14,1
DA:17,1
DA:18,0
DA:24,1
DA:33,1
DA:34,1
DA:38,1
DA:39,1
DA:44,1
DA:45,1
DA:49,1
DA:50,1
DA:51,1
DA:55,1
DA:57,1
DA:64,1
LF:23
LH:21
BRDA:9,0,0,0
BRDA:9,0,1,1
BRDA:17,1,0,0
BRDA:17,1,1,1
BRF:4
BRH:2
end_of_record
TN:
SF:controllers\user_controller.js
FN:5,(anonymous_0)
FN:10,(anonymous_1)
FN:15,(anonymous_2)
FN:29,(anonymous_3)
FNF:4
FNH:4
FNDA:1,(anonymous_0)
FNDA:1,(anonymous_1)
FNDA:1,(anonymous_2)
FNDA:1,(anonymous_3)
DA:1,1
DA:2,1
DA:5,1
DA:6,1
DA:7,1
DA:10,1
DA:11,1
DA:12,1
DA:15,1
DA:16,1
DA:22,1
DA:26,1
DA:29,1
DA:30,1
DA:31,1
LF:15
LH:15
BRF:0
BRH:0
end_of_record
TN:
SF:controllers\helpers\index.js
FN:8,logToFile
FN:14,(anonymous_1)
FN:96,(anonymous_2)
FN:99,(anonymous_3)
FN:102,(anonymous_4)
FNF:5
FNH:3
FNDA:6,logToFile
FNDA:2,(anonymous_1)
FNDA:3,(anonymous_2)
FNDA:0,(anonymous_3)
FNDA:0,(anonymous_4)
DA:1,2
DA:2,2
DA:3,2
DA:4,2
DA:5,2
DA:6,2
DA:9,6
DA:10,6
DA:14,2
DA:16,2
DA:20,2
DA:27,2
DA:33,2
DA:36,2
DA:37,0
DA:46,0
DA:47,2
DA:50,0
DA:51,0
DA:59,2
DA:60,0
DA:65,2
DA:70,2
DA:72,0
DA:81,0
DA:84,2
DA:89,2
DA:96,2
DA:99,3
DA:100,0
DA:102,3
DA:103,0
DA:107,3
DA:109,0
DA:110,0
DA:114,0
DA:115,0
DA:121,2
DA:122,2
DA:125,2
DA:126,2
DA:128,2
DA:129,0
DA:130,0
DA:131,0
DA:132,0
DA:135,0
DA:141,0
DA:147,0
DA:155,0
DA:156,0
DA:161,0
DA:162,0
DA:168,2
LF:54
LH:30
BRDA:36,0,0,0
BRDA:36,0,1,2
BRDA:36,1,0,2
BRDA:36,1,1,0
BRDA:47,2,0,0
BRDA:47,2,1,2
BRDA:47,3,0,2
BRDA:47,3,1,0
BRDA:59,4,0,0
BRDA:59,4,1,2
BRDA:70,5,0,0
BRDA:70,5,1,2
BRDA:109,6,0,0
BRDA:109,6,1,0
BRDA:114,7,0,0
BRDA:114,7,1,0
BRDA:128,8,0,2
BRDA:128,8,1,0
BRDA:155,9,0,0
BRDA:155,9,1,0
BRDA:161,10,0,0
BRDA:161,10,1,0
BRF:22
BRH:7
end_of_record
TN:
SF:models\debt.js
FNF:0
FNH:0
DA:1,2
DA:3,2
DA:20,2
LF:3
LH:3
BRF:0
BRH:0
end_of_record
TN:
SF:models\expense.js
FNF:0
FNH:0
DA:1,1
DA:3,1
DA:38,1
LF:3
LH:3
BRF:0
BRH:0
end_of_record
TN:
SF:models\optimised_debt.js
FNF:0
FNH:0
DA:1,2
DA:5,2
DA:22,2
LF:3
LH:3
BRF:0
BRH:0
end_of_record
TN:
SF:models\user.js
FNF:0
FNH:0
DA:1,1
DA:3,1
DA:26,1
LF:3
LH:3
BRF:0
BRH:0
end_of_record
TN:
SF:models\user_debt.js
FNF:0
FNH:0
DA:1,3
DA:3,3
DA:18,3
LF:3
LH:3
BRF:0
BRH:0
end_of_record
TN:
SF:routes\debts.js
FNF:0
FNH:0
DA:1,1
DA:2,1
DA:3,1
DA:6,1
DA:9,1
DA:12,1
DA:15,1
DA:18,1
DA:21,1
DA:23,1
LF:10
LH:10
BRF:0
BRH:0
end_of_record
TN:
SF:routes\expenses.js
FNF:0
FNH:0
DA:1,1
DA:2,1
DA:3,1
DA:6,1
DA:9,1
DA:12,1
DA:14,1
LF:7
LH:7
BRF:0
BRH:0
end_of_record
TN:
SF:routes\users.js
FNF:0
FNH:0
DA:1,1
DA:2,1
DA:3,1
DA:6,1
DA:9,1
DA:12,1
DA:15,1
DA:17,1
LF:8
LH:8
BRF:0
BRH:0
end_of_record
